#
# There is insufficient memory for the Java Runtime Environment to continue.
# Native memory allocation (mmap) failed to map 3670016000 bytes for G1 virtual space
# Possible reasons:
#   The system is out of physical RAM or swap space
#   The process is running with CompressedOops enabled, and the Java Heap may be blocking the growth of the native heap
# Possible solutions:
#   Reduce memory load on the system
#   Increase physical memory or swap space
#   Check if swap backing store is full
#   Decrease Java heap size (-Xmx/-Xms)
#   Decrease number of Java threads
#   Decrease Java thread stack sizes (-Xss)
#   Set larger code cache with -XX:ReservedCodeCacheSize=
#   JVM is running with Zero Based Compressed Oops mode in which the Java heap is
#     placed in the first 32GB address space. The Java Heap base address is the
#     maximum limit for the native heap growth. Please use -XX:HeapBaseMinAddress
#     to set the Java Heap base and to place the Java Heap above 32GB virtual address.
# This output file may be truncated or incomplete.
#
#  Out of Memory Error (os_windows.cpp:3530), pid=3108, tid=5628
#
# JRE version:  (18.0.1.1+2) (build )
# Java VM: Java HotSpot(TM) 64-Bit Server VM (18.0.1.1+2-6, mixed mode, sharing, tiered, compressed oops, compressed class ptrs, g1 gc, windows-amd64)
# No core dump will be written. Minidumps are not enabled by default on client versions of Windows
#

---------------  S U M M A R Y ------------

Command Line: -Xms3500M -Xmx3500M server.jar

Host: AMD Athlon(tm)X2 DualCore QL-60, 2 cores, 3G,  Windows 10 , 64 bit Build 18956 (10.0.18956.1000)
Time: Sun Jun  5 08:29:24 2022  Windows 10 , 64 bit Build 18956 (10.0.18956.1000) elapsed time: 0.287354 seconds (0d 0h 0m 0s)

---------------  T H R E A D  ---------------

Current thread (0x0000020a1606b300):  JavaThread "Unknown thread" [_thread_in_vm, id=5628, stack(0x000000ebbe800000,0x000000ebbe900000)]

Stack: [0x000000ebbe800000,0x000000ebbe900000]
Native frames: (J=compiled Java code, j=interpreted, Vv=VM code, C=native code)
V  [jvm.dll+0x69887a]
V  [jvm.dll+0x7f38bd]
V  [jvm.dll+0x7f51ce]
V  [jvm.dll+0x7f5883]
V  [jvm.dll+0x25ca3f]
V  [jvm.dll+0x6957c9]
V  [jvm.dll+0x68a2fa]
V  [jvm.dll+0x321efb]
V  [jvm.dll+0x3298d6]
V  [jvm.dll+0x37e47e]
V  [jvm.dll+0x37e6af]
V  [jvm.dll+0x2f9c7a]
V  [jvm.dll+0x2facdd]
V  [jvm.dll+0x7c24f0]
V  [jvm.dll+0x38b801]
V  [jvm.dll+0x7a1203]
V  [jvm.dll+0x40d6bf]
V  [jvm.dll+0x40f091]
C  [jli.dll+0x526b]
C  [ucrtbase.dll+0x21ae2]
C  [KERNEL32.DLL+0x16e24]
C  [ntdll.dll+0x6b0a1]


---------------  P R O C E S S  ---------------

Threads class SMR info:
_java_thread_list=0x00007ffe8806d550, length=0, elements={
}

Java Threads: ( => current thread )

Other Threads:
  0x0000020a160d0f50 WorkerThread "GC Thread#0" [stack: 0x000000ebbe900000,0x000000ebbea00000] [id=5660]
  0x0000020a160df850 ConcurrentGCThread "G1 Main Marker" [stack: 0x000000ebbea00000,0x000000ebbeb00000] [id=5160]
  0x0000020a160e08f0 WorkerThread "G1 Conc#0" [stack: 0x000000ebbeb00000,0x000000ebbec00000] [id=5672]

[error occurred during error reporting (printing all threads), id 0xc0000005, EXCEPTION_ACCESS_VIOLATION (0xc0000005) at pc=0x00007ffe8789a217]

VM state: not at safepoint (not fully initialized)

VM Mutex/Monitor currently owned by a thread:  ([mutex/lock_event])
[0x0000020a16067150] Heap_lock - owner thread: 0x0000020a1606b300

Heap address: 0x0000000725400000, size: 3500 MB, Compressed Oops mode: Zero based, Oop shift amount: 3

CDS archive(s) mapped at: [0x0000000000000000-0x0000000000000000-0x0000000000000000), size 0, SharedBaseAddress: 0x0000000800000000, ArchiveRelocationMode: 0.
Narrow klass base: 0x0000000000000000, Narrow klass shift: 0, Narrow klass range: 0x0

GC Precious Log:
 CardTable entry size: 512
 Card Set container configuration: InlinePtr #cards 4 size 8 Array Of Cards #cards 16 size 48 Howl #buckets 8 coarsen threshold 3686 Howl Bitmap #cards 512 size 80 coarsen threshold 460 Card regions per heap region 1 cards per card region 4096

Heap:
 garbage-first heap   total 0K, used 0K [0x0000000725400000, 0x0000000800000000)
  region size 2048K, 0 young (0K), 0 survivors (0K)

[error occurred during error reporting (printing heap information), id 0xc0000005, EXCEPTION_ACCESS_VIOLATION (0xc0000005) at pc=0x00007ffe87c80cb9]

GC Heap History (0 events):
No events

Deoptimization events (0 events):
No events

Classes loaded (0 events):
No events

Classes unloaded (0 events):
No events

Classes redefined (0 events):
No events

Internal exceptions (0 events):
No events

VM Operations (0 events):
No events

Events (1 events):
Event: 0.020 Loaded shared library C:\Program Files\Java\jdk-18.0.1.1\bin\java.dll


Dynamic libraries:
0x00007ff7aef10000 - 0x00007ff7aef20000 	C:\Program Files\Java\jdk-18.0.1.1\bin\java.exe
0x00007ffeb90d0000 - 0x00007ffeb92c2000 	C:\WINDOWS\SYSTEM32\ntdll.dll
0x00007ffeb8490000 - 0x00007ffeb854d000 	C:\WINDOWS\System32\KERNEL32.DLL
0x00007ffeb6c70000 - 0x00007ffeb6f33000 	C:\WINDOWS\System32\KERNELBASE.dll
0x00007ffeb6b40000 - 0x00007ffeb6c3f000 	C:\WINDOWS\System32\ucrtbase.dll
0x00007ffeb0830000 - 0x00007ffeb0848000 	C:\Program Files\Java\jdk-18.0.1.1\bin\jli.dll
0x00007ffeb7f10000 - 0x00007ffeb7fba000 	C:\WINDOWS\System32\ADVAPI32.dll
0x00007ffeb8120000 - 0x00007ffeb81be000 	C:\WINDOWS\System32\msvcrt.dll
0x00007ffeb81c0000 - 0x00007ffeb825b000 	C:\WINDOWS\System32\sechost.dll
0x00007ffeb7a80000 - 0x00007ffeb7ba0000 	C:\WINDOWS\System32\RPCRT4.dll
0x00007ffeb7d40000 - 0x00007ffeb7edf000 	C:\WINDOWS\System32\USER32.dll
0x00007ffeb7150000 - 0x00007ffeb7172000 	C:\WINDOWS\System32\win32u.dll
0x00007ffeb7ee0000 - 0x00007ffeb7f0a000 	C:\WINDOWS\System32\GDI32.dll
0x00007ffeb69d0000 - 0x00007ffeb6ad9000 	C:\WINDOWS\System32\gdi32full.dll
0x00007ffeb68e0000 - 0x00007ffeb697d000 	C:\WINDOWS\System32\msvcp_win.dll
0x00007ffeb0600000 - 0x00007ffeb061a000 	C:\Program Files\Java\jdk-18.0.1.1\bin\VCRUNTIME140.dll
0x00007ffea71b0000 - 0x00007ffea744a000 	C:\WINDOWS\WinSxS\amd64_microsoft.windows.common-controls_6595b64144ccf1df_6.0.18956.1000_none_ac28de6e376fd112\COMCTL32.dll
0x00007ffeaf2a0000 - 0x00007ffeaf2aa000 	C:\WINDOWS\SYSTEM32\VERSION.dll
0x00007ffeb8e90000 - 0x00007ffeb8ec0000 	C:\WINDOWS\System32\IMM32.DLL
0x00007ffeb07f0000 - 0x00007ffeb07fc000 	C:\Program Files\Java\jdk-18.0.1.1\bin\vcruntime140_1.dll
0x00007ffea9760000 - 0x00007ffea97ed000 	C:\Program Files\Java\jdk-18.0.1.1\bin\msvcp140.dll
0x00007ffe87590000 - 0x00007ffe881a0000 	C:\Program Files\Java\jdk-18.0.1.1\bin\server\jvm.dll
0x00007ffeb9080000 - 0x00007ffeb9088000 	C:\WINDOWS\System32\PSAPI.DLL
0x00007ffeac0a0000 - 0x00007ffeac0a9000 	C:\WINDOWS\SYSTEM32\WSOCK32.dll
0x00007ffeb7ba0000 - 0x00007ffeb7c0b000 	C:\WINDOWS\System32\WS2_32.dll
0x00007ffea7f80000 - 0x00007ffea7fa7000 	C:\WINDOWS\SYSTEM32\WINMM.dll
0x00007ffeb4a20000 - 0x00007ffeb4a33000 	C:\WINDOWS\SYSTEM32\kernel.appcore.dll
0x00007ffeb0700000 - 0x00007ffeb070a000 	C:\Program Files\Java\jdk-18.0.1.1\bin\jimage.dll
0x00007ffea51d0000 - 0x00007ffea53b4000 	C:\WINDOWS\SYSTEM32\DBGHELP.DLL
0x00007ffea51a0000 - 0x00007ffea51cc000 	C:\WINDOWS\SYSTEM32\dbgcore.DLL
0x00007ffeb6860000 - 0x00007ffeb68db000 	C:\WINDOWS\System32\bcryptPrimitives.dll
0x00007ffeadea0000 - 0x00007ffeadec5000 	C:\Program Files\Java\jdk-18.0.1.1\bin\java.dll

dbghelp: loaded successfully - version: 4.0.5 - missing functions: none
symbol engine: initialized successfully - sym options: 0x614 - pdb path: .;C:\Program Files\Java\jdk-18.0.1.1\bin;C:\WINDOWS\SYSTEM32;C:\WINDOWS\WinSxS\amd64_microsoft.windows.common-controls_6595b64144ccf1df_6.0.18956.1000_none_ac28de6e376fd112;C:\Program Files\Java\jdk-18.0.1.1\bin\server

VM Arguments:
jvm_args: -Xms3500M -Xmx3500M 
java_command: server.jar
java_class_path (initial): server.jar
Launcher Type: SUN_STANDARD

[Global flags]
     intx CICompilerCount                          = 2                                         {product} {ergonomic}
     uint ConcGCThreads                            = 1                                         {product} {ergonomic}
     uint G1ConcRefinementThreads                  = 2                                         {product} {ergonomic}
   size_t G1HeapRegionSize                         = 2097152                                   {product} {ergonomic}
    uintx GCDrainStackTargetSize                   = 64                                        {product} {ergonomic}
   size_t InitialHeapSize                          = 3670016000                                {product} {command line}
   size_t MarkStackSize                            = 4194304                                   {product} {ergonomic}
   size_t MaxHeapSize                              = 3670016000                                {product} {command line}
   size_t MinHeapDeltaBytes                        = 2097152                                   {product} {ergonomic}
   size_t MinHeapSize                              = 3670016000                                {product} {command line}
    uintx NonNMethodCodeHeapSize                   = 5826188                                {pd product} {ergonomic}
    uintx NonProfiledCodeHeapSize                  = 122916026                              {pd product} {ergonomic}
    uintx ProfiledCodeHeapSize                     = 122916026                              {pd product} {ergonomic}
    uintx ReservedCodeCacheSize                    = 251658240                              {pd product} {ergonomic}
     bool SegmentedCodeCache                       = true                                      {product} {ergonomic}
   size_t SoftMaxHeapSize                          = 3670016000                             {manageable} {ergonomic}
     bool UseCompressedClassPointers               = true                           {product lp64_product} {ergonomic}
     bool UseCompressedOops                        = true                           {product lp64_product} {ergonomic}
     bool UseG1GC                                  = true                                      {product} {ergonomic}
     bool UseLargePagesIndividualAllocation        = false                                  {pd product} {ergonomic}

Logging:
Log output configuration:
 #0: stdout all=warning uptime,level,tags foldmultilines=false
 #1: stderr all=off uptime,level,tags foldmultilines=false

Environment Variables:
PATH=C:\Program Files\Common Files\Oracle\Java\javapath;C:\ProgramData\Oracle\Java\javapath;C:\WINDOWS\system32;C:\WINDOWS;C:\WINDOWS\System32\Wbem;C:\WINDOWS\System32\WindowsPowerShell\v1.0\;C:\Program Files\Broadcom\Broadcom 802.11\Driver;C:\WINDOWS\System32\OpenSSH\;C:\Users\Вадим\AppData\Local\Programs\Python\Python39-32\Scripts\;C:\Users\Вадим\AppData\Local\Programs\Python\Python39-32\;E:\tizen-studio\tools\ide\bin;C:\Users\Вадим\AppData\Local\Microsoft\WindowsApps;;C:\Users\Вадим\AppData\Local\Microsoft\WindowsApps
USERNAME=Вадим
OS=Windows_NT
PROCESSOR_IDENTIFIER=AMD64 Family 17 Model 3 Stepping 1, AuthenticAMD



---------------  S Y S T E M  ---------------

OS:
 Windows 10 , 64 bit Build 18956 (10.0.18956.1000)
OS uptime: 0 days 0:24 hours

CPU: total 2 (initial active 2) (2 cores per cpu, 1 threads per core) family 17 model 3 stepping 1 microcode 0x0, cx8, cmov, fxsr, mmx, 3dnowpref, sse, sse2, sse3, tsc, tscinvbit, clflush

Memory: 4k page, system-wide physical 3836M (1597M free)
TotalPageFile size 6206M (AvailPageFile size 3505M)
current process WorkingSet (physical memory assigned to process): 9M, peak: 9M
current process commit charge ("private bytes"): 47M, peak: 3554M

vm_info: Java HotSpot(TM) 64-Bit Server VM (18.0.1.1+2-6) for windows-amd64 JRE (18.0.1.1+2-6), built on Apr 25 2022 21:53:15 by "mach5one" with MS VC++ 16.8 / 16.9 (VS2019)

END.
